0 [140316605852544] INFO perfrun.launcher <> - Launcher main begin
1 [140316605852544] INFO perfrun.launcher <> - MessageCatalogInit finished
1 [140316605852544] INFO perfrun.launcher <> - Launcher instance created
1 [140316605852544] INFO perfrun.launcher <> - argc = 7; cmdline = /opt/intel/oneapi/vtune/2024.3/bin64/amplxe-runss --ui-output-format xml --ui-output-fd 5 --option-file /home/enginsena00/vtune_hotspots_seq/config/runss.options 
21 [140316605852544] INFO perfrun.perfcollector <> - SEP tool path: /opt/intel/oneapi/vtune/2024.3/bin64/sep
26 [140316605852544] INFO perfrun.launcher <> - create msngr2::ICliToolContext
26 [140316605852544] INFO perfrun.launcher <> - create file finder object
26 [140316605852544] INFO perfrun.launcher <> - create a result directory: pattern = /home/enginsena00/vtune_hotspots_seq pid = 4294967295
27 [140316605852544] INFO perfrun.sdk <> - checked that the directory /home/enginsena00/vtune_hotspots_seq is a local directory
27 [140316605852544] INFO perfrun.sdk <> - the directory /home/enginsena00/vtune_hotspots_seq is a local directory with FS type ID 61267
27 [140316605852544] INFO perfrun.launcher <> - create data directory = /home/enginsena00/vtune_hotspots_seq/data.0
27 [140316605852544] INFO perfrun.launcher <> - Creating the master collection flag
29 [140316605852544] INFO perfrun.launcher <> - Done creating the master collection flag
31 [140316596328192] INFO perfrun.launcher <> - plugin [remoteplug] was disabled because it doesn't support the given collection type.
31 [140316596328192] INFO perfrun.sdk <> - Allocating TMU :/home/enginsena00/vtune_hotspots_seq/data.0/systemcollector-2984-instance-20241018-060600.sc
31 [140316596328192] INFO perfrun.system <> - Tpss based collection
31 [140316596328192] INFO perfrun.launcher <> - plugin [ptracecollector] was disabled because it doesn't support the given collection type.
31 [140316596328192] INFO perfrun.launcher <> - plugin [gpu] was disabled because it doesn't support the given collection type.
31 [140316596328192] INFO perfrun.launcher <> - plugin [] was disabled because it doesn't support the given collection type.
31 [140316596328192] INFO perfrun.launcher <> - plugin [] was disabled because it doesn't support the given collection type.
31 [140316596328192] INFO perfrun.launcher <> - plugin [] was disabled because it doesn't support the given collection type.
31 [140316596328192] INFO perfrun.mrte <> - system-wide mode is 0
31 [140316596328192] INFO perfrun.mrte <> - Getting  mrte profiling environment ...
61 [140316596328192] INFO perfrun.mrte <> - INTEL_MRTE_DATA_DIR=/home/enginsena00/vtune_hotspots_seq/data.0
61 [140316596328192] INFO perfrun.mrte <> - INTEL_MRTE_HOST_NAME=instance-20241018-060600
61 [140316596328192] INFO perfrun.mrte <> - JAVA_TOOL_OPTIONS=-agentlib:amplxe_samplingmrte_javaprof_1.0 -Dsun.boot.library.path=/opt/intel/oneapi/vtune/2024.3/lib32/runtime:/opt/intel/oneapi/vtune/2024.3/lib64/runtime
61 [140316596328192] INFO perfrun.mrte <> - LD_LIBRARY_PATH=/opt/intel/oneapi/vtune/2024.3/lib32/runtime:/opt/intel/oneapi/vtune/2024.3/lib64/runtime
61 [140316596328192] INFO perfrun.mrte <> - CORECLR_ENABLE_PROFILING=1
61 [140316596328192] INFO perfrun.mrte <> - CORECLR_PROFILER={AA5E4821-E3B1-479c-B7FF-5AD047D22CED}
61 [140316596328192] INFO perfrun.mrte <> - CORECLR_PROFILER_PATH=/opt/intel/oneapi/vtune/2024.3/lib64/libamplxe_samplingmrte_clrprof_1.0.so
61 [140316596328192] INFO perfrun.mrte <> - INTEL_MRTE_PROFILER_MODE=mixed
61 [140316596328192] INFO perfrun.mrte <> - Data directory: /home/enginsena00/vtune_hotspots_seq/data.0
61 [140316596328192] INFO perfrun.mrte <> - Mrte plugin is initialized
61 [140316596328192] INFO perfrun.launcher <> - plugin [emon] was disabled because it doesn't support the given collection type.
61 [140316596328192] INFO perfrun.launcher <> - plugin [cuscol] was disabled because it doesn't support the given collection type.
61 [140316596328192] INFO perfrun.launcher <> - plugin [stdsrc] was disabled because it doesn't support the given collection type.
61 [140316596328192] INFO perfrun.launcher <> - plugin [sep] was disabled because it doesn't support the given collection type.
61 [140316596328192] INFO perfrun.launcher <> - plugin [vtsspp] was disabled because it doesn't support the given collection type.
61 [140316596328192] INFO perfrun.launcher <> - plugin [perf] was disabled because it doesn't support the given collection type.
61 [140316596328192] INFO perfrun.launcher <> - plugin [aoclprofile] was disabled because it doesn't support the given collection type.
61 [140316596328192] INFO perfrun.tpss <> - initialize tpss controller
61 [140316596328192] INFO perfrun.tpss <> - configure collection mode: value = cpu:counters:nostack
61 [140316596328192] INFO perfrun.tpss <> - configure collection mode: value = cpu:stack
61 [140316596328192] INFO perfrun.tpss <> - default obj-size-min=1024
61 [140316596328192] INFO perfrun.tpss <> - default hash-table-size=0
62 [140316596328192] INFO perfrun.launcher <> - plugin [media] was disabled because it doesn't support the given collection type.
62 [140316596328192] INFO perfrun.launcher <> - plugin [] was disabled because it doesn't support the given collection type.
62 [140316596328192] INFO perfrun.launcher <> - plugin [] was disabled because it doesn't support the given collection type.
62 [140316596328192] INFO perfrun.launcher <> - plugin [parallelfs] was disabled because it doesn't support the given collection type.
62 [140316596328192] INFO perfrun.launcher <> - plugin [power] was disabled because it doesn't support the given collection type.
62 [140316596328192] INFO perfrun.launcher <> - plugin [] was disabled because it doesn't support the given collection type.
62 [140316596328192] INFO perfrun.launcher <> - plugin [ipmwatch] was disabled because it doesn't support the given collection type.
62 [140316596328192] INFO perfrun.launcher <> - plugin [os_counters] was disabled because it doesn't support the given collection type.
62 [140316596328192] INFO perfrun.launcher <> - plugin [l0_metrics] was disabled because it doesn't support the given collection type.
62 [140316605852544] INFO perfrun.launcher <> - set environment variable: LD_LIBRARY_PATH = /opt/intel/oneapi/vtune/2024.3/lib32/runtime:/opt/intel/oneapi/vtune/2024.3/lib64/runtime
62 [140316605852544] INFO perfrun.launcher <> - set environment variable: INTEL_LIBITTNOTIFY32 = /opt/intel/oneapi/vtune/2024.3/lib32/runtime/libittnotify_collector.so
62 [140316605852544] INFO perfrun.launcher <> - set environment variable: INTEL_LIBITTNOTIFY64 = /opt/intel/oneapi/vtune/2024.3/lib64/runtime/libittnotify_collector.so
62 [140316605852544] INFO perfrun.launcher <> - set environment variable: INTEL_ITTNOTIFY_GROUPS = 
62 [140316605852544] INFO perfrun.launcher <> - set environment variable: INTEL_JIT_PROFILER32 = /opt/intel/oneapi/vtune/2024.3/lib32/runtime/libittnotify_collector.so
62 [140316605852544] INFO perfrun.launcher <> - set environment variable: INTEL_JIT_PROFILER64 = /opt/intel/oneapi/vtune/2024.3/lib64/runtime/libittnotify_collector.so
62 [140316605852544] INFO perfrun.launcher <> - set environment variable: CCL_ITT_LEVEL = 1
62 [140316605852544] INFO perfrun.launcher <> - set environment variable: ENABLE_JITPROFILING = 1
62 [140316605852544] INFO perfrun.launcher <> - set environment variable: CL_CONFIG_USE_VTUNE = True
62 [140316605852544] INFO perfrun.launcher <> - set environment variable: KMP_FORKJOIN_FRAMES = 0
62 [140316605852544] INFO perfrun.launcher <> - set environment variable: KMP_FORKJOIN_FRAMES_MODE = 0
62 [140316605852544] INFO perfrun.launcher <> - set environment variable: INTEL_MRTE_DATA_DIR = /home/enginsena00/vtune_hotspots_seq/data.0
62 [140316605852544] INFO perfrun.launcher <> - set environment variable: INTEL_MRTE_HOST_NAME = instance-20241018-060600
62 [140316605852544] INFO perfrun.launcher <> - set environment variable: JAVA_TOOL_OPTIONS = -agentlib:amplxe_samplingmrte_javaprof_1.0 -Dsun.boot.library.path=/opt/intel/oneapi/vtune/2024.3/lib32/runtime:/opt/intel/oneapi/vtune/2024.3/lib64/runtime
62 [140316605852544] INFO perfrun.launcher <> - set environment variable: LD_LIBRARY_PATH = /opt/intel/oneapi/vtune/2024.3/lib32/runtime:/opt/intel/oneapi/vtune/2024.3/lib64/runtime
62 [140316605852544] INFO perfrun.launcher <> - set environment variable: CORECLR_ENABLE_PROFILING = 1
62 [140316605852544] INFO perfrun.launcher <> - set environment variable: CORECLR_PROFILER = {AA5E4821-E3B1-479c-B7FF-5AD047D22CED}
62 [140316605852544] INFO perfrun.launcher <> - set environment variable: CORECLR_PROFILER_PATH = /opt/intel/oneapi/vtune/2024.3/lib64/libamplxe_samplingmrte_clrprof_1.0.so
62 [140316605852544] INFO perfrun.launcher <> - set environment variable: INTEL_MRTE_PROFILER_MODE = mixed
62 [140316605852544] INFO perfrun.launcher <> - RpcServer: run RPC server to handle requests
62 [140316605852544] INFO perfrun.launcher <> - Launcher: command line to start before modification = ./sobel_seq input1.jpg
63 [140316605852544] INFO perfrun.launcher <> - Launcher: command line to start after modification = /opt/intel/oneapi/vtune/2024.3/bin64/pin -error_file /home/enginsena00/vtune_hotspots_seq/data.0/pinerr.tpsslog -detach_reattach -follow_execv -tool_load_option deepbind -t64 /opt/intel/oneapi/vtune/2024.3/lib64/libtpsstool.so -t /opt/intel/oneapi/vtune/2024.3/lib32/libtpsstool.so -server_name tpss_ipc.2984 -prd_dir /opt/intel/oneapi/vtune/2024.3 -- ./sobel_seq input1.jpg
63 [140316605852544] INFO perfrun.launcher <> - ProcessCreator object was created
63 [140316605852544] INFO perfrun.launcher <> - Launcher: the process was started in suspend mode
66 [140316596328192] WARN perfrun.system <> - Could not do anything with /sys/kernel/debug/kvm: boost::filesystem::status: Permission denied [system:13]: "/sys/kernel/debug/kvm", at file: vcs/perfrun1/plugins/system/src/trace_writer.cpp:787
66 [140316596328192] WARN perfrun.system <> - Folder "/var/run/libvirt/qemu/"doesn't exist, at file: vcs/perfrun1/plugins/system/src/trace_writer.cpp:800
68 [140316596328192] INFO perfrun.sdk <> - runCmd: /opt/intel/oneapi/vtune/2024.3/bin64/sep -platform-info
69 [140316596328192] INFO perfrun.sdk <> - runCmd started PID 2990
73 [140316596328192] WARN perfrun.sdk <> - SEP driver is not available, at file: vcs/perfrun1/plugins/pluginsdk/src/device_mapper.cpp:1083
73 [140316596328192] INFO perfrun.sdk <> - runCmd: /opt/intel/oneapi/vtune/2024.3/bin64/amplxe-perf stat --iostat=list
73 [140316596328192] INFO perfrun.sdk <> - runCmd started PID 2991
75 [140316596328192] WARN perfrun.sdk <> - Device mapping through perf is not available on current kernel, at file: vcs/perfrun1/plugins/pluginsdk/src/device_mapper.cpp:1314
76 [140316596328192] INFO perfrun.sdk <> - runCmd: /opt/intel/oneapi/vtune/2024.3/bin64/sep -platform-info
76 [140316596328192] INFO perfrun.sdk <> - runCmd started PID 2992
80 [140316596328192] WARN perfrun.sdk <> - SEP driver is not available, at file: vcs/perfrun1/plugins/pluginsdk/src/device_mapper.cpp:1083
80 [140316596328192] INFO perfrun.sdk <> - runCmd: /opt/intel/oneapi/vtune/2024.3/bin64/sep -platform-info
80 [140316596328192] INFO perfrun.sdk <> - runCmd started PID 2993
84 [140316596328192] WARN perfrun.sdk <> - SEP driver is not available, at file: vcs/perfrun1/plugins/pluginsdk/src/device_mapper.cpp:1083
84 [140316596328192] INFO perfrun.sdk <> - runCmd: /opt/intel/oneapi/vtune/2024.3/bin64/amplxe-perf stat --iostat=list
84 [140316596328192] INFO perfrun.sdk <> - runCmd started PID 2994
85 [140316596328192] WARN perfrun.sdk <> - Device mapping through perf is not available on current kernel, at file: vcs/perfrun1/plugins/pluginsdk/src/device_mapper.cpp:1314
85 [140316596328192] WARN perfrun.sdk <> - Failed to find xl binary on any of the system paths: /bin, /sbin, /usr/bin, /usr/sbin., at file: vcs/perfrun1/sdk/src/utils.cpp:205
85 [140316596328192] WARN perfrun.system <> - Could not start ContainerMapping collector, at file: vcs/perfrun1/plugins/system/src/controller.cpp:450
89 [140316596328192] INFO perfrun.vdso <> - Helper runtool '/opt/intel/oneapi/vtune/2024.3/bin32/amplxe-runss -dump-vdso -r /home/enginsena00/vtune_hotspots_seq --tmp-dir /tmp/amplxe-tmp-enginsena00' returned 1
128 [140316596328192] INFO perfrun.vdso <> - Helper runtool '/opt/intel/oneapi/vtune/2024.3/bin64/amplxe-runss -dump-vdso -r /home/enginsena00/vtune_hotspots_seq --tmp-dir /tmp/amplxe-tmp-enginsena00' returned 0
128 [140316596328192] INFO perfrun.itt <> - start itt controller for pid #2989
128 [140316596328192] INFO perfrun.tpss <> - start tpss controller for pid #2989
178 [140316605852544] INFO perfrun.launcher <> - Launcher: all plugins were started
178 [140316605852544] INFO perfrun.launcher <> - DirectoryMonitor object was created
178 [140316605852544] INFO perfrun.launcher <> - DirectoryMonitor: a callback was added
178 [140316605852544] INFO perfrun.launcher <> - DirectoryMonitor was started with pingTime = 1000
178 [140316605852544] INFO perfrun.launcher <> - DeadlineTimer is going to be constructed
178 [140316605852544] INFO perfrun.launcher <> - DeadlineTimer: a callback was added
182 [140316605852544] INFO perfrun.launcher <> - Launcher: resume the profiled application and  wait its termination or stop command
1743 [140316605852544] INFO perfrun.launcher <> - Launcher: the profiled application was terminated  with exit code = 0
1745 [140316596328192] INFO perfrun.itt <> - detach itt controller
1745 [140316596328192] INFO perfrun.itt <> - detach itt controller done
1745 [140316596328192] INFO perfrun.tpss <> - stop tpss controller
1748 [140316596328192] INFO perfrun.sdk <> - De-allocating TMU: /home/enginsena00/vtune_hotspots_seq/data.0/systemcollector-2984-instance-20241018-060600.sc
1748 [140316596328192] INFO perfrun.system <> - closed the system trace file: /home/enginsena00/vtune_hotspots_seq/data.0/systemcollector-2984-instance-20241018-060600.sc
1748 [140316605852544] INFO perfrun.launcher <> - Launcher: all plugins were stopped.
1748 [140316605852544] INFO perfrun.launcher <> - DeadlineTimer is going to be destroyed
1748 [140316605852544] INFO perfrun.launcher <> - DeadlineTimer was destroyed
1748 [140316605852544] INFO perfrun.launcher <> - DirectoryMonitor object was destroyed
1748 [140316605852544] WARN perfrun.launcher <> - Stop command is ignored because it is received when collection is already stopped, at file: vcs/perfrun1/launcher/src/command_handler.cpp:226
1748 [140316605852544] INFO perfrun.launcher <> - Application exit code: 0
1748 [140316605852544] INFO perfrun.launcher <> - Exit code: 0
