0 [139631379839872] INFO perfrun.launcher <> - Launcher main begin
1 [139631379839872] INFO perfrun.launcher <> - MessageCatalogInit finished
1 [139631379839872] INFO perfrun.launcher <> - Launcher instance created
1 [139631379839872] INFO perfrun.launcher <> - argc = 6; cmdline = /opt/intel/oneapi/vtune/2024.3/bin64/amplxe-runss -dump-vdso -r /home/enginsena00/vtune_hotspots_par/vtune_hotspots_par_8 --tmp-dir /tmp/amplxe-tmp-enginsena00 
23 [139631379839872] INFO perfrun.perfcollector <> - SEP tool path: /opt/intel/oneapi/vtune/2024.3/bin64/sep
26 [139631379839872] INFO perfrun.launcher <> - create msngr2::ICliToolContext
26 [139631379839872] INFO perfrun.launcher <> - create file finder object
28 [139631370315520] INFO perfrun.launcher <> - plugin [remoteplug] was disabled because it doesn't support the given collection type.
28 [139631370315520] INFO perfrun.launcher <> - plugin [system] was disabled because it doesn't support the given collection type.
28 [139631370315520] INFO perfrun.vdso <> - dumping [vdso] pseudomodule
29 [139631370315520] INFO perfrun.launcher <> - plugin [itt] was disabled because it doesn't support the given collection type.
29 [139631370315520] INFO perfrun.launcher <> - plugin [ptracecollector] was disabled because it doesn't support the given collection type.
29 [139631370315520] INFO perfrun.launcher <> - plugin [gpu] was disabled because it doesn't support the given collection type.
29 [139631370315520] INFO perfrun.launcher <> - plugin [] was disabled because it doesn't support the given collection type.
29 [139631370315520] INFO perfrun.launcher <> - plugin [] was disabled because it doesn't support the given collection type.
29 [139631370315520] INFO perfrun.launcher <> - plugin [] was disabled because it doesn't support the given collection type.
29 [139631370315520] INFO perfrun.launcher <> - plugin [mrte] was disabled because it doesn't support the given collection type.
29 [139631370315520] INFO perfrun.launcher <> - plugin [emon] was disabled because it doesn't support the given collection type.
29 [139631370315520] INFO perfrun.launcher <> - plugin [cuscol] was disabled because it doesn't support the given collection type.
29 [139631370315520] INFO perfrun.launcher <> - plugin [stdsrc] was disabled because it doesn't support the given collection type.
29 [139631370315520] INFO perfrun.launcher <> - plugin [sep] was disabled because it doesn't support the given collection type.
29 [139631370315520] INFO perfrun.launcher <> - plugin [vtsspp] was disabled because it doesn't support the given collection type.
29 [139631370315520] INFO perfrun.launcher <> - plugin [perf] was disabled because it doesn't support the given collection type.
29 [139631370315520] INFO perfrun.launcher <> - plugin [aoclprofile] was disabled because it doesn't support the given collection type.
29 [139631370315520] INFO perfrun.launcher <> - plugin [tpss] was disabled because it doesn't support the given collection type.
29 [139631370315520] INFO perfrun.launcher <> - plugin [media] was disabled because it doesn't support the given collection type.
29 [139631370315520] INFO perfrun.launcher <> - plugin [] was disabled because it doesn't support the given collection type.
29 [139631370315520] INFO perfrun.launcher <> - plugin [] was disabled because it doesn't support the given collection type.
29 [139631370315520] INFO perfrun.launcher <> - plugin [parallelfs] was disabled because it doesn't support the given collection type.
29 [139631370315520] INFO perfrun.launcher <> - plugin [power] was disabled because it doesn't support the given collection type.
29 [139631370315520] INFO perfrun.launcher <> - plugin [] was disabled because it doesn't support the given collection type.
29 [139631370315520] INFO perfrun.launcher <> - plugin [ipmwatch] was disabled because it doesn't support the given collection type.
29 [139631370315520] INFO perfrun.launcher <> - plugin [os_counters] was disabled because it doesn't support the given collection type.
29 [139631370315520] INFO perfrun.launcher <> - plugin [l0_metrics] was disabled because it doesn't support the given collection type.
29 [139631379839872] INFO perfrun.launcher <> - Application exit code: 0
29 [139631379839872] INFO perfrun.launcher <> - Exit code: 0
